# JRE version: Java(TM) SE Runtime Environment 18.9 (11.0.20+9) (build 11.0.20+9-LTS-256)
# Java VM: Java HotSpot(TM) 64-Bit Server VM 18.9 (11.0.20+9-LTS-256, mixed mode, tiered, compressed oops, g1 gc, windows-amd64)
Heap:
 garbage-first heap   total 253952K, used 121445K [0x00000000a0000000, 0x0000000100000000)
  region size 1024K, 65 young (66560K), 15 survivors (15360K)
 Metaspace       used 81560K, capacity 84410K, committed 84688K, reserved 1122304K
  class space    used 10799K, capacity 11830K, committed 11904K, reserved 1048576K
GC Heap History (10 events):
Event: 5.222 GC heap before
{Heap before GC invocations=6 (full 0):
 garbage-first heap   total 253952K, used 171020K [0x00000000a0000000, 0x0000000100000000)
  region size 1024K, 148 young (151552K), 7 survivors (7168K)
 Metaspace       used 47770K, capacity 49075K, committed 49232K, reserved 1091584K
  class space    used 6098K, capacity 6627K, committed 6656K, reserved 1048576K
}
Event: 5.231 GC heap after
{Heap after GC invocations=7 (full 0):
 garbage-first heap   total 253952K, used 35237K [0x00000000a0000000, 0x0000000100000000)
  region size 1024K, 18 young (18432K), 18 survivors (18432K)
 Metaspace       used 47770K, capacity 49075K, committed 49232K, reserved 1091584K
  class space    used 6098K, capacity 6627K, committed 6656K, reserved 1048576K
}
Event: 6.379 GC heap before
{Heap before GC invocations=7 (full 0):
 garbage-first heap   total 253952K, used 176549K [0x00000000a0000000, 0x0000000100000000)
  region size 1024K, 148 young (151552K), 18 survivors (18432K)
 Metaspace       used 53694K, capacity 55513K, committed 55632K, reserved 1097728K
  class space    used 6930K, capacity 7660K, committed 7680K, reserved 1048576K
}
Event: 6.390 GC heap after
{Heap after GC invocations=8 (full 0):
 garbage-first heap   total 253952K, used 56393K [0x00000000a0000000, 0x0000000100000000)
  region size 1024K, 14 young (14336K), 14 survivors (14336K)
 Metaspace       used 53694K, capacity 55513K, committed 55632K, reserved 1097728K
  class space    used 6930K, capacity 7660K, committed 7680K, reserved 1048576K
}
Event: 6.929 GC heap before
{Heap before GC invocations=8 (full 0):
 garbage-first heap   total 253952K, used 115785K [0x00000000a0000000, 0x0000000100000000)
  region size 1024K, 73 young (74752K), 14 survivors (14336K)
 Metaspace       used 58194K, capacity 60182K, committed 60240K, reserved 1101824K
  class space    used 7610K, capacity 8411K, committed 8448K, reserved 1048576K
}
Event: 6.935 GC heap after
{Heap after GC invocations=9 (full 0):
 garbage-first heap   total 253952K, used 58691K [0x00000000a0000000, 0x0000000100000000)
  region size 1024K, 3 young (3072K), 3 survivors (3072K)
 Metaspace       used 58194K, capacity 60182K, committed 60240K, reserved 1101824K
  class space    used 7610K, capacity 8411K, committed 8448K, reserved 1048576K
}
Event: 8.136 GC heap before
{Heap before GC invocations=10 (full 0):
 garbage-first heap   total 253952K, used 190787K [0x00000000a0000000, 0x0000000100000000)
  region size 1024K, 133 young (136192K), 3 survivors (3072K)
 Metaspace       used 66741K, capacity 69359K, committed 69456K, reserved 1110016K
  class space    used 8924K, capacity 9933K, committed 9984K, reserved 1048576K
}
Event: 8.140 GC heap after
{Heap after GC invocations=11 (full 0):
 garbage-first heap   total 253952K, used 63555K [0x00000000a0000000, 0x0000000100000000)
  region size 1024K, 8 young (8192K), 8 survivors (8192K)
 Metaspace       used 66741K, capacity 69359K, committed 69456K, reserved 1110016K
  class space    used 8924K, capacity 9933K, committed 9984K, reserved 1048576K
}
Event: 14.130 GC heap before
{Heap before GC invocations=11 (full 0):
 garbage-first heap   total 253952K, used 203843K [0x00000000a0000000, 0x0000000100000000)
  region size 1024K, 139 young (142336K), 8 survivors (8192K)
 Metaspace       used 77693K, capacity 80420K, committed 80592K, reserved 1118208K
  class space    used 10296K, capacity 11317K, committed 11392K, reserved 1048576K
}
Event: 14.137 GC heap after
{Heap after GC invocations=12 (full 0):
 garbage-first heap   total 253952K, used 70245K [0x00000000a0000000, 0x0000000100000000)
  region size 1024K, 15 young (15360K), 15 survivors (15360K)
 Metaspace       used 77693K, capacity 80420K, committed 80592K, reserved 1118208K
  class space    used 10296K, capacity 11317K, committed 11392K, reserved 1048576K
}

