# JRE version: OpenJDK Runtime Environment (17.0.6) (build 17.0.6+0-b2043.56-10027231)
# Java VM: OpenJDK 64-Bit Server VM (17.0.6+0-b2043.56-10027231, mixed mode, tiered, compressed oops, compressed class ptrs, g1 gc, windows-amd64)
GC Precious Log:
 CPUs: 16 total, 16 available
 Memory: 15789M
 Large Page Support: Disabled
 NUMA Support: Disabled
 Compressed Oops: Enabled (32-bit)
 Heap Region Size: 1M
 Heap Min Capacity: 8M
 Heap Initial Capacity: 248M
 Heap Max Capacity: 1536M
 Pre-touch: Disabled
 Parallel Workers: 13
 Concurrent Workers: 3
 Concurrent Refinement Workers: 13
 Periodic GC: Disabled
Heap:
 garbage-first heap   total 253952K, used 78099K [0x00000000a0000000, 0x0000000100000000)
  region size 1024K, 4 young (4096K), 4 survivors (4096K)
 Metaspace       used 81325K, committed 81984K, reserved 1122304K
  class space    used 10975K, committed 11264K, reserved 1048576K
GC Heap History (20 events):
Event: 8.698 GC heap after
{Heap after GC invocations=39 (full 0):
 garbage-first heap   total 117760K, used 70097K [0x00000000a0000000, 0x0000000100000000)
  region size 1024K, 4 young (4096K), 4 survivors (4096K)
 Metaspace       used 73438K, committed 74112K, reserved 1114112K
  class space    used 9946K, committed 10240K, reserved 1048576K
}
Event: 8.701 GC heap before
{Heap before GC invocations=39 (full 0):
 garbage-first heap   total 117760K, used 71121K [0x00000000a0000000, 0x0000000100000000)
  region size 1024K, 5 young (5120K), 4 survivors (4096K)
 Metaspace       used 73441K, committed 74112K, reserved 1114112K
  class space    used 9946K, committed 10240K, reserved 1048576K
}
Event: 8.704 GC heap after
{Heap after GC invocations=40 (full 0):
 garbage-first heap   total 117760K, used 70750K [0x00000000a0000000, 0x0000000100000000)
  region size 1024K, 1 young (1024K), 1 survivors (1024K)
 Metaspace       used 73441K, committed 74112K, reserved 1114112K
  class space    used 9946K, committed 10240K, reserved 1048576K
}
Event: 8.710 GC heap before
{Heap before GC invocations=40 (full 0):
 garbage-first heap   total 117760K, used 70750K [0x00000000a0000000, 0x0000000100000000)
  region size 1024K, 2 young (2048K), 1 survivors (1024K)
 Metaspace       used 73442K, committed 74112K, reserved 1114112K
  class space    used 9946K, committed 10240K, reserved 1048576K
}
Event: 8.711 GC heap after
{Heap after GC invocations=41 (full 0):
 garbage-first heap   total 117760K, used 71039K [0x00000000a0000000, 0x0000000100000000)
  region size 1024K, 2 young (2048K), 2 survivors (2048K)
 Metaspace       used 73442K, committed 74112K, reserved 1114112K
  class space    used 9946K, committed 10240K, reserved 1048576K
}
Event: 8.967 GC heap before
{Heap before GC invocations=42 (full 0):
 garbage-first heap   total 132096K, used 89471K [0x00000000a0000000, 0x0000000100000000)
  region size 1024K, 18 young (18432K), 2 survivors (2048K)
 Metaspace       used 74828K, committed 75456K, reserved 1122304K
  class space    used 10142K, committed 10432K, reserved 1048576K
}
Event: 8.969 GC heap after
{Heap after GC invocations=43 (full 0):
 garbage-first heap   total 132096K, used 72388K [0x00000000a0000000, 0x0000000100000000)
  region size 1024K, 2 young (2048K), 2 survivors (2048K)
 Metaspace       used 74828K, committed 75456K, reserved 1122304K
  class space    used 10142K, committed 10432K, reserved 1048576K
}
Event: 9.013 GC heap before
{Heap before GC invocations=43 (full 0):
 garbage-first heap   total 132096K, used 76484K [0x00000000a0000000, 0x0000000100000000)
  region size 1024K, 6 young (6144K), 2 survivors (2048K)
 Metaspace       used 75190K, committed 75776K, reserved 1122304K
  class space    used 10186K, committed 10432K, reserved 1048576K
}
Event: 9.014 GC heap after
{Heap after GC invocations=44 (full 0):
 garbage-first heap   total 132096K, used 72480K [0x00000000a0000000, 0x0000000100000000)
  region size 1024K, 1 young (1024K), 1 survivors (1024K)
 Metaspace       used 75190K, committed 75776K, reserved 1122304K
  class space    used 10186K, committed 10432K, reserved 1048576K
}
Event: 9.369 GC heap before
{Heap before GC invocations=44 (full 0):
 garbage-first heap   total 132096K, used 98080K [0x00000000a0000000, 0x0000000100000000)
  region size 1024K, 26 young (26624K), 1 survivors (1024K)
 Metaspace       used 77307K, committed 77952K, reserved 1122304K
  class space    used 10426K, committed 10688K, reserved 1048576K
}
Event: 9.371 GC heap after
{Heap after GC invocations=45 (full 0):
 garbage-first heap   total 132096K, used 74537K [0x00000000a0000000, 0x0000000100000000)
  region size 1024K, 3 young (3072K), 3 survivors (3072K)
 Metaspace       used 77307K, committed 77952K, reserved 1122304K
  class space    used 10426K, committed 10688K, reserved 1048576K
}
Event: 9.681 GC heap before
{Heap before GC invocations=46 (full 0):
 garbage-first heap   total 132096K, used 97065K [0x00000000a0000000, 0x0000000100000000)
  region size 1024K, 29 young (29696K), 3 survivors (3072K)
 Metaspace       used 79854K, committed 80512K, reserved 1122304K
  class space    used 10765K, committed 11072K, reserved 1048576K
}
Event: 9.683 GC heap after
{Heap after GC invocations=47 (full 0):
 garbage-first heap   total 132096K, used 71213K [0x00000000a0000000, 0x0000000100000000)
  region size 1024K, 2 young (2048K), 2 survivors (2048K)
 Metaspace       used 79854K, committed 80512K, reserved 1122304K
  class space    used 10765K, committed 11072K, reserved 1048576K
}
Event: 9.703 GC heap before
{Heap before GC invocations=47 (full 0):
 garbage-first heap   total 132096K, used 75309K [0x00000000a0000000, 0x0000000100000000)
  region size 1024K, 6 young (6144K), 2 survivors (2048K)
 Metaspace       used 79956K, committed 80576K, reserved 1122304K
  class space    used 10789K, committed 11072K, reserved 1048576K
}
Event: 9.706 GC heap after
{Heap after GC invocations=48 (full 0):
 garbage-first heap   total 132096K, used 70964K [0x00000000a0000000, 0x0000000100000000)
  region size 1024K, 1 young (1024K), 1 survivors (1024K)
 Metaspace       used 79956K, committed 80576K, reserved 1122304K
  class space    used 10789K, committed 11072K, reserved 1048576K
}
Event: 9.925 GC heap before
{Heap before GC invocations=48 (full 0):
 garbage-first heap   total 132096K, used 101684K [0x00000000a0000000, 0x0000000100000000)
  region size 1024K, 31 young (31744K), 1 survivors (1024K)
 Metaspace       used 80426K, committed 81088K, reserved 1122304K
  class space    used 10876K, committed 11200K, reserved 1048576K
}
Event: 9.927 GC heap after
{Heap after GC invocations=49 (full 0):
 garbage-first heap   total 132096K, used 73440K [0x00000000a0000000, 0x0000000100000000)
  region size 1024K, 3 young (3072K), 3 survivors (3072K)
 Metaspace       used 80426K, committed 81088K, reserved 1122304K
  class space    used 10876K, committed 11200K, reserved 1048576K
}
Event: 10.076 GC heap before
{Heap before GC invocations=49 (full 0):
 garbage-first heap   total 132096K, used 104160K [0x00000000a0000000, 0x0000000100000000)
  region size 1024K, 33 young (33792K), 3 survivors (3072K)
 Metaspace       used 80532K, committed 81216K, reserved 1122304K
  class space    used 10889K, committed 11200K, reserved 1048576K
}
Event: 10.079 GC heap after
{Heap after GC invocations=50 (full 0):
 garbage-first heap   total 132096K, used 75122K [0x00000000a0000000, 0x0000000100000000)
  region size 1024K, 2 young (2048K), 2 survivors (2048K)
 Metaspace       used 80532K, committed 81216K, reserved 1122304K
  class space    used 10889K, committed 11200K, reserved 1048576K
}
Event: 10.407 GC heap before
{Heap before GC invocations=50 (full 0):
 garbage-first heap   total 132096K, used 105842K [0x00000000a0000000, 0x0000000100000000)
  region size 1024K, 32 young (32768K), 2 survivors (2048K)
 Metaspace       used 81325K, committed 81984K, reserved 1122304K
  class space    used 10975K, committed 11264K, reserved 1048576K
}

